<?xml version="1.0" encoding="UTF-8"?>
<testsuite xmlns:xsi="http://www.w3.org/2001/XMLSchema-instance" xsi:noNamespaceSchemaLocation="https://maven.apache.org/surefire/maven-surefire-plugin/xsd/surefire-test-report-3.0.xsd" version="3.0" name="com.doston.JobApp.JobAppApplicationTests" time="4.691" tests="1" errors="0" skipped="0" failures="0">
  <properties>
[...]
</properties>
  <testcase name="contextLoads" classname="com.doston.JobApp.JobAppApplicationTests" time="1.039">
    <system-out><![CDATA[00:01:44.495 [main] INFO org.springframework.test.context.support.AnnotationConfigContextLoaderUtils -- Could not detect default configuration classes for test class [com.doston.JobApp.JobAppApplicationTests]: JobAppApplicationTests does not declare any static, non-private, non-final, nested classes annotated with @Configuration.
00:01:44.669 [main] INFO org.springframework.boot.test.context.SpringBootTestContextBootstrapper -- Found @SpringBootConfiguration com.doston.JobApp.JobAppApplication for test class com.doston.JobApp.JobAppApplicationTests
00:01:45.083 [main] INFO org.springframework.boot.devtools.restart.RestartApplicationListener -- Restart disabled due to context in which it is running

  .   ____          _            __ _ _
 /\\ / ___'_ __ _ _(_)_ __  __ _ \ \ \ \
( ( )\___ | '_ | '_| | '_ \/ _` | \ \ \ \
 \\/  ___)| |_)| | | | | || (_| |  ) ) ) )
  '  |____| .__|_| |_|_| |_\__, | / / / /
 =========|_|==============|___/=/_/_/_/
 :: Spring Boot ::                (v3.2.0)

2024-05-18T00:01:45.691+05:00  INFO 115169 --- [JobApp] [           main] c.doston.JobApp.JobAppApplicationTests   : Starting JobAppApplicationTests using Java 17.0.10 with PID 115169 (started by doston in /home/doston/Documents/MyProjects/JobApp)
2024-05-18T00:01:45.693+05:00  INFO 115169 --- [JobApp] [           main] c.doston.JobApp.JobAppApplicationTests   : No active profile set, falling back to 1 default profile: "default"
2024-05-18T00:01:47.847+05:00  INFO 115169 --- [JobApp] [           main] c.doston.JobApp.JobAppApplicationTests   : Started JobAppApplicationTests in 2.785 seconds (process running for 5.143)
]]></system-out>
  </testcase>
</testsuite>