# JRE version: OpenJDK Runtime Environment (17.0.10+7) (build 17.0.10+7-Ubuntu-122.04.1)
# Java VM: OpenJDK 64-Bit Server VM (17.0.10+7-Ubuntu-122.04.1, mixed mode, sharing, tiered, compressed oops, compressed class ptrs, g1 gc, linux-amd64)
GC Precious Log:
 CPUs: 4 total, 4 available
 Memory: 15932M
 Large Page Support: Disabled
 NUMA Support: Disabled
 Compressed Oops: Enabled (Zero based)
 Heap Region Size: 2M
 Heap Min Capacity: 8M
 Heap Initial Capacity: 250M
 Heap Max Capacity: 3984M
 Pre-touch: Disabled
 Parallel Workers: 4
 Concurrent Workers: 1
 Concurrent Refinement Workers: 4
 Periodic GC: Disabled
Heap:
 garbage-first heap   total 159744K, used 22387K [0x0000000707000000, 0x0000000800000000)
  region size 2048K, 4 young (8192K), 1 survivors (2048K)
 Metaspace       used 37070K, committed 37696K, reserved 1114112K
  class space    used 4385K, committed 4672K, reserved 1048576K
GC Heap History (20 events):
Event: 466.745 GC heap before
{Heap before GC invocations=15 (full 4):
 garbage-first heap   total 69632K, used 28625K [0x0000000707000000, 0x0000000800000000)
  region size 2048K, 8 young (16384K), 2 survivors (4096K)
 Metaspace       used 35799K, committed 36352K, reserved 1114112K
  class space    used 4271K, committed 4544K, reserved 1048576K
}
Event: 466.833 GC heap after
{Heap after GC invocations=16 (full 5):
 garbage-first heap   total 69632K, used 16270K [0x0000000707000000, 0x0000000800000000)
  region size 2048K, 0 young (0K), 0 survivors (0K)
 Metaspace       used 35796K, committed 36352K, reserved 1114112K
  class space    used 4270K, committed 4544K, reserved 1048576K
}
Event: 467.392 GC heap before
{Heap before GC invocations=16 (full 5):
 garbage-first heap   total 69632K, used 46990K [0x0000000707000000, 0x0000000800000000)
  region size 2048K, 15 young (30720K), 0 survivors (0K)
 Metaspace       used 35907K, committed 36480K, reserved 1114112K
  class space    used 4278K, committed 4544K, reserved 1048576K
}
Event: 467.397 GC heap after
{Heap after GC invocations=17 (full 5):
 garbage-first heap   total 69632K, used 18642K [0x0000000707000000, 0x0000000800000000)
  region size 2048K, 2 young (4096K), 2 survivors (4096K)
 Metaspace       used 35907K, committed 36480K, reserved 1114112K
  class space    used 4278K, committed 4544K, reserved 1048576K
}
Event: 470.051 GC heap before
{Heap before GC invocations=17 (full 5):
 garbage-first heap   total 69632K, used 26834K [0x0000000707000000, 0x0000000800000000)
  region size 2048K, 7 young (14336K), 2 survivors (4096K)
 Metaspace       used 35968K, committed 36480K, reserved 1114112K
  class space    used 4282K, committed 4544K, reserved 1048576K
}
Event: 470.116 GC heap after
{Heap after GC invocations=18 (full 6):
 garbage-first heap   total 61440K, used 16137K [0x0000000707000000, 0x0000000800000000)
  region size 2048K, 0 young (0K), 0 survivors (0K)
 Metaspace       used 35965K, committed 36480K, reserved 1114112K
  class space    used 4282K, committed 4544K, reserved 1048576K
}
Event: 470.893 GC heap before
{Heap before GC invocations=18 (full 6):
 garbage-first heap   total 61440K, used 44809K [0x0000000707000000, 0x0000000800000000)
  region size 2048K, 14 young (28672K), 0 survivors (0K)
 Metaspace       used 36036K, committed 36608K, reserved 1114112K
  class space    used 4285K, committed 4544K, reserved 1048576K
}
Event: 470.898 GC heap after
{Heap after GC invocations=19 (full 6):
 garbage-first heap   total 61440K, used 18511K [0x0000000707000000, 0x0000000800000000)
  region size 2048K, 2 young (4096K), 2 survivors (4096K)
 Metaspace       used 36036K, committed 36608K, reserved 1114112K
  class space    used 4285K, committed 4544K, reserved 1048576K
}
Event: 563.832 GC heap before
{Heap before GC invocations=19 (full 6):
 garbage-first heap   total 61440K, used 32847K [0x0000000707000000, 0x0000000800000000)
  region size 2048K, 10 young (20480K), 2 survivors (4096K)
 Metaspace       used 36754K, committed 37248K, reserved 1114112K
  class space    used 4372K, committed 4608K, reserved 1048576K
}
Event: 563.893 GC heap after
{Heap after GC invocations=20 (full 7):
 garbage-first heap   total 61440K, used 16440K [0x0000000707000000, 0x0000000800000000)
  region size 2048K, 0 young (0K), 0 survivors (0K)
 Metaspace       used 36752K, committed 37248K, reserved 1114112K
  class space    used 4371K, committed 4608K, reserved 1048576K
}
Event: 564.313 GC heap before
{Heap before GC invocations=20 (full 7):
 garbage-first heap   total 61440K, used 43064K [0x0000000707000000, 0x0000000800000000)
  region size 2048K, 13 young (26624K), 0 survivors (0K)
 Metaspace       used 36850K, committed 37376K, reserved 1114112K
  class space    used 4378K, committed 4608K, reserved 1048576K
}
Event: 564.317 GC heap after
{Heap after GC invocations=21 (full 7):
 garbage-first heap   total 61440K, used 18704K [0x0000000707000000, 0x0000000800000000)
  region size 2048K, 2 young (4096K), 2 survivors (4096K)
 Metaspace       used 36850K, committed 37376K, reserved 1114112K
  class space    used 4378K, committed 4608K, reserved 1048576K
}
Event: 565.986 GC heap before
{Heap before GC invocations=21 (full 7):
 garbage-first heap   total 61440K, used 30992K [0x0000000707000000, 0x0000000800000000)
  region size 2048K, 9 young (18432K), 2 survivors (4096K)
 Metaspace       used 36901K, committed 37440K, reserved 1114112K
  class space    used 4380K, committed 4608K, reserved 1048576K
}
Event: 566.054 GC heap after
{Heap after GC invocations=22 (full 8):
 garbage-first heap   total 61440K, used 16303K [0x0000000707000000, 0x0000000800000000)
  region size 2048K, 0 young (0K), 0 survivors (0K)
 Metaspace       used 36898K, committed 37440K, reserved 1114112K
  class space    used 4379K, committed 4608K, reserved 1048576K
}
Event: 566.632 GC heap before
{Heap before GC invocations=22 (full 8):
 garbage-first heap   total 61440K, used 42927K [0x0000000707000000, 0x0000000800000000)
  region size 2048K, 13 young (26624K), 0 survivors (0K)
 Metaspace       used 36947K, committed 37440K, reserved 1114112K
  class space    used 4382K, committed 4608K, reserved 1048576K
}
Event: 566.636 GC heap after
{Heap after GC invocations=23 (full 8):
 garbage-first heap   total 159744K, used 18663K [0x0000000707000000, 0x0000000800000000)
  region size 2048K, 2 young (4096K), 2 survivors (4096K)
 Metaspace       used 36947K, committed 37440K, reserved 1114112K
  class space    used 4382K, committed 4608K, reserved 1048576K
}
Event: 13610.626 GC heap before
{Heap before GC invocations=23 (full 8):
 garbage-first heap   total 159744K, used 108775K [0x0000000707000000, 0x0000000800000000)
  region size 2048K, 46 young (94208K), 2 survivors (4096K)
 Metaspace       used 37060K, committed 37696K, reserved 1114112K
  class space    used 4385K, committed 4672K, reserved 1048576K
}
Event: 13610.630 GC heap after
{Heap after GC invocations=24 (full 8):
 garbage-first heap   total 159744K, used 18991K [0x0000000707000000, 0x0000000800000000)
  region size 2048K, 2 young (4096K), 2 survivors (4096K)
 Metaspace       used 37060K, committed 37696K, reserved 1114112K
  class space    used 4385K, committed 4672K, reserved 1048576K
}
Event: 30084.048 GC heap before
{Heap before GC invocations=24 (full 8):
 garbage-first heap   total 159744K, used 109103K [0x0000000707000000, 0x0000000800000000)
  region size 2048K, 46 young (94208K), 2 survivors (4096K)
 Metaspace       used 37070K, committed 37696K, reserved 1114112K
  class space    used 4385K, committed 4672K, reserved 1048576K
}
Event: 30084.051 GC heap after
{Heap after GC invocations=25 (full 8):
 garbage-first heap   total 159744K, used 18291K [0x0000000707000000, 0x0000000800000000)
  region size 2048K, 1 young (2048K), 1 survivors (2048K)
 Metaspace       used 37070K, committed 37696K, reserved 1114112K
  class space    used 4385K, committed 4672K, reserved 1048576K
}

